<?xml version="1.0" encoding="UTF-8"?>
<!-- Generated by org.testng.reporters.JUnitXMLReporter -->
<testsuite hostname="DSK648-B1" ignored="0" name="ChromeTestCases" tests="2" failures="2" timestamp="15 Jun 2018 09:23:02 GMT" time="13.494" errors="0">
  <testcase name="LogIn" time="0.004" classname="tests.verifyLoginFunctionality">
    <failure type="java.lang.NullPointerException">
      <![CDATA[java.lang.NullPointerException
at org.openqa.selenium.support.pagefactory.DefaultElementLocator.findElement(DefaultElementLocator.java:69)
at org.openqa.selenium.support.pagefactory.internal.LocatingElementHandler.invoke(LocatingElementHandler.java:38)
at com.sun.proxy.$Proxy12.clear(Unknown Source)
at pages.LoginPage.setUniqueID(LoginPage.java:47)
at tests.verifyLoginFunctionality.LogIn(verifyLoginFunctionality.java:30)
at java.util.concurrent.ThreadPoolExecutor.runWorker(Unknown Source)
at java.util.concurrent.ThreadPoolExecutor$Worker.run(Unknown Source)
at java.lang.Thread.run(Unknown Source)
... Removed 10 stack frames]]>
    </failure>
  </testcase> <!-- LogIn -->
  <testcase name="LogOut" time="0.002" classname="tests.verifyLoginFunctionality">
    <failure type="java.lang.NullPointerException">
      <![CDATA[java.lang.NullPointerException
at pages.HomePage.clickOnProfileMenu(HomePage.java:45)
at tests.verifyLoginFunctionality.LogOut(verifyLoginFunctionality.java:37)
at java.util.concurrent.ThreadPoolExecutor.runWorker(Unknown Source)
at java.util.concurrent.ThreadPoolExecutor$Worker.run(Unknown Source)
at java.lang.Thread.run(Unknown Source)
... Removed 10 stack frames]]>
    </failure>
  </testcase> <!-- LogOut -->
</testsuite> <!-- ChromeTestCases -->
