<?xml version="1.0" encoding="UTF-8"?>
<!-- Generated by org.testng.reporters.JUnitXMLReporter -->
<testsuite hostname="LPT547-B1" ignored="0" name="Test" tests="3" failures="0" timestamp="20 Nov 2018 06:23:52 GMT" time="118.806" errors="0">
  <testcase name="SearchProductInvalid" time="8.992" classname="tests.viewStoreHomeSearchProduct"/>
  <testcase name="SearchProductValid" time="14.604" classname="tests.viewStoreHomeSearchProduct"/>
  <testcase name="PlaceOrder" time="65.729" classname="tests.placeOrder"/>
</testsuite> <!-- Test -->
